<?xml version="1.0" encoding="UTF-8"?>
<testng-results ignored="0" total="1" passed="1" failed="0" skipped="0">
  <reporter-output>
  </reporter-output>
  <suite started-at="2020-06-29T06:08:56Z" name="Default suite" finished-at="2020-06-29T06:09:24Z" duration-ms="28385">
    <groups>
    </groups>
    <test started-at="2020-06-29T06:08:56Z" name="Default test" finished-at="2020-06-29T06:09:24Z" duration-ms="28385">
      <class name="com.training.sanity.tests.ELTC_021">
        <test-method is-config="true" signature="setUpBeforeClass()[pri:0, instance:com.training.sanity.tests.ELTC_021@20140db9]" started-at="2020-06-29T06:08:56Z" name="setUpBeforeClass" finished-at="2020-06-29T06:08:56Z" duration-ms="8" status="PASS">
          <reporter-output>
          </reporter-output>
        </test-method> <!-- setUpBeforeClass -->
        <test-method is-config="true" signature="setUp()[pri:0, instance:com.training.sanity.tests.ELTC_021@20140db9]" started-at="2020-06-29T06:08:56Z" name="setUp" finished-at="2020-06-29T06:09:14Z" duration-ms="17859" status="PASS">
          <reporter-output>
          </reporter-output>
        </test-method> <!-- setUp -->
        <test-method signature="AddNewUserAsTrainer()[pri:0, instance:com.training.sanity.tests.ELTC_021@20140db9]" started-at="2020-06-29T06:09:14Z" name="AddNewUserAsTrainer" finished-at="2020-06-29T06:09:22Z" duration-ms="8561" status="PASS">
          <reporter-output>
          </reporter-output>
        </test-method> <!-- AddNewUserAsTrainer -->
        <test-method is-config="true" signature="tearDown()[pri:0, instance:com.training.sanity.tests.ELTC_021@20140db9]" started-at="2020-06-29T06:09:22Z" name="tearDown" finished-at="2020-06-29T06:09:24Z" duration-ms="1929" status="PASS">
          <reporter-output>
          </reporter-output>
        </test-method> <!-- tearDown -->
      </class> <!-- com.training.sanity.tests.ELTC_021 -->
    </test> <!-- Default test -->
  </suite> <!-- Default suite -->
</testng-results>
